The system is: Linux - 3.10.0-1160.42.2.el7.x86_64 - x86_64
Compiling the C compiler identification source file "CMakeCCompilerId.c" succeeded.
Compiler: /soft/users/neutrino/gcc/7.1.0/gcc-7.1.0-install/bin/gcc-7.1 
Build flags: 
Id flags:  

The output was:
0


Compilation of the C compiler identification source "CMakeCCompilerId.c" produced "a.out"

The C compiler identification is GNU, found in "/home/xiankehe/Demonstration/worker_A/Tutorial7/build/CMakeFiles/3.16.0/CompilerIdC/a.out"

Compiling the CXX compiler identification source file "CMakeCXXCompilerId.cpp" succeeded.
Compiler: /soft/users/neutrino/gcc/7.1.0/gcc-7.1.0-install/bin/g++-7.1 
Build flags: 
Id flags:  

The output was:
0


Compilation of the CXX compiler identification source "CMakeCXXCompilerId.cpp" produced "a.out"

The CXX compiler identification is GNU, found in "/home/xiankehe/Demonstration/worker_A/Tutorial7/build/CMakeFiles/3.16.0/CompilerIdCXX/a.out"

Determining if the C compiler works passed with the following output:
Change Dir: /home/xiankehe/Demonstration/worker_A/Tutorial7/build/CMakeFiles/CMakeTmp

Run Build Command(s):/usr/bin/gmake cmTC_c0348/fast && /usr/bin/gmake -f CMakeFiles/cmTC_c0348.dir/build.make CMakeFiles/cmTC_c0348.dir/build
gmake[1]: Entering directory `/home/xiankehe/Demonstration/worker_A/Tutorial7/build/CMakeFiles/CMakeTmp'
Building C object CMakeFiles/cmTC_c0348.dir/testCCompiler.c.o
/soft/users/neutrino/gcc/7.1.0/gcc-7.1.0-install/bin/gcc-7.1    -o CMakeFiles/cmTC_c0348.dir/testCCompiler.c.o   -c /home/xiankehe/Demonstration/worker_A/Tutorial7/build/CMakeFiles/CMakeTmp/testCCompiler.c
Linking C executable cmTC_c0348
/opt_remote/cmake/3.16.0/bin/cmake -E cmake_link_script CMakeFiles/cmTC_c0348.dir/link.txt --verbose=1
/soft/users/neutrino/gcc/7.1.0/gcc-7.1.0-install/bin/gcc-7.1      -rdynamic CMakeFiles/cmTC_c0348.dir/testCCompiler.c.o  -o cmTC_c0348 
gmake[1]: Leaving directory `/home/xiankehe/Demonstration/worker_A/Tutorial7/build/CMakeFiles/CMakeTmp'



Detecting C compiler ABI info compiled with the following output:
Change Dir: /home/xiankehe/Demonstration/worker_A/Tutorial7/build/CMakeFiles/CMakeTmp

Run Build Command(s):/usr/bin/gmake cmTC_da3e1/fast && /usr/bin/gmake -f CMakeFiles/cmTC_da3e1.dir/build.make CMakeFiles/cmTC_da3e1.dir/build
gmake[1]: Entering directory `/home/xiankehe/Demonstration/worker_A/Tutorial7/build/CMakeFiles/CMakeTmp'
Building C object CMakeFiles/cmTC_da3e1.dir/CMakeCCompilerABI.c.o
/soft/users/neutrino/gcc/7.1.0/gcc-7.1.0-install/bin/gcc-7.1   -v -o CMakeFiles/cmTC_da3e1.dir/CMakeCCompilerABI.c.o   -c /opt_remote/cmake/3.16.0/share/cmake-3.16/Modules/CMakeCCompilerABI.c
Using built-in specs.
COLLECT_GCC=/soft/users/neutrino/gcc/7.1.0/gcc-7.1.0-install/bin/gcc-7.1
Target: x86_64-pc-linux-gnu
Configured with: ../gcc-7.1.0/configure -v --prefix=/soft/users/neutrino/gcc/7.1.0/gcc-7.1.0-install --enable-languages=c,c++,fortran --program-suffix=-7.1
Thread model: posix
gcc version 7.1.0 (GCC) 
COLLECT_GCC_OPTIONS='-v' '-o' 'CMakeFiles/cmTC_da3e1.dir/CMakeCCompilerABI.c.o' '-c' '-mtune=generic' '-march=x86-64'
 /soft/users/neutrino/gcc/7.1.0/gcc-7.1.0-install/libexec/gcc/x86_64-pc-linux-gnu/7.1.0/cc1 -quiet -v /opt_remote/cmake/3.16.0/share/cmake-3.16/Modules/CMakeCCompilerABI.c -quiet -dumpbase CMakeCCompilerABI.c -mtune=generic -march=x86-64 -auxbase-strip CMakeFiles/cmTC_da3e1.dir/CMakeCCompilerABI.c.o -version -o /tmp/xiankehe/ccgrpfHV.s
GNU C11 (GCC) version 7.1.0 (x86_64-pc-linux-gnu)
	compiled by GNU C version 7.1.0, GMP version 6.1.0, MPFR version 3.1.4, MPC version 1.0.3, isl version isl-0.16.1-GMP

GGC heuristics: --param ggc-min-expand=100 --param ggc-min-heapsize=131072
ignoring nonexistent directory "/soft/users/neutrino/gcc/7.1.0/gcc-7.1.0-install/lib/gcc/x86_64-pc-linux-gnu/7.1.0/../../../../x86_64-pc-linux-gnu/include"
#include "..." search starts here:
#include <...> search starts here:
 /soft/users/neutrino/gcc/7.1.0/gcc-7.1.0-install/lib/gcc/x86_64-pc-linux-gnu/7.1.0/include
 /usr/local/include
 /soft/users/neutrino/gcc/7.1.0/gcc-7.1.0-install/include
 /soft/users/neutrino/gcc/7.1.0/gcc-7.1.0-install/lib/gcc/x86_64-pc-linux-gnu/7.1.0/include-fixed
 /usr/include
End of search list.
GNU C11 (GCC) version 7.1.0 (x86_64-pc-linux-gnu)
	compiled by GNU C version 7.1.0, GMP version 6.1.0, MPFR version 3.1.4, MPC version 1.0.3, isl version isl-0.16.1-GMP

GGC heuristics: --param ggc-min-expand=100 --param ggc-min-heapsize=131072
Compiler executable checksum: d841f7e46af33c7f0dc3cc5e85de90df
COLLECT_GCC_OPTIONS='-v' '-o' 'CMakeFiles/cmTC_da3e1.dir/CMakeCCompilerABI.c.o' '-c' '-mtune=generic' '-march=x86-64'
 as -v --64 -o CMakeFiles/cmTC_da3e1.dir/CMakeCCompilerABI.c.o /tmp/xiankehe/ccgrpfHV.s
GNU assembler version 2.27 (x86_64-redhat-linux) using BFD version version 2.27-44.base.el7_9.1
COMPILER_PATH=/soft/users/neutrino/gcc/7.1.0/gcc-7.1.0-install/libexec/gcc/x86_64-pc-linux-gnu/7.1.0/:/soft/users/neutrino/gcc/7.1.0/gcc-7.1.0-install/libexec/gcc/x86_64-pc-linux-gnu/7.1.0/:/soft/users/neutrino/gcc/7.1.0/gcc-7.1.0-install/libexec/gcc/x86_64-pc-linux-gnu/:/soft/users/neutrino/gcc/7.1.0/gcc-7.1.0-install/lib/gcc/x86_64-pc-linux-gnu/7.1.0/:/soft/users/neutrino/gcc/7.1.0/gcc-7.1.0-install/lib/gcc/x86_64-pc-linux-gnu/
LIBRARY_PATH=/soft/users/neutrino/gcc/7.1.0/gcc-7.1.0-install/lib/gcc/x86_64-pc-linux-gnu/7.1.0/:/soft/users/neutrino/gcc/7.1.0/gcc-7.1.0-install/lib/gcc/x86_64-pc-linux-gnu/7.1.0/../../../../lib64/:/lib/../lib64/:/usr/lib/../lib64/:/soft/users/neutrino/gcc/7.1.0/gcc-7.1.0-install/lib/gcc/x86_64-pc-linux-gnu/7.1.0/../../../:/lib/:/usr/lib/
COLLECT_GCC_OPTIONS='-v' '-o' 'CMakeFiles/cmTC_da3e1.dir/CMakeCCompilerABI.c.o' '-c' '-mtune=generic' '-march=x86-64'
Linking C executable cmTC_da3e1
/opt_remote/cmake/3.16.0/bin/cmake -E cmake_link_script CMakeFiles/cmTC_da3e1.dir/link.txt --verbose=1
/soft/users/neutrino/gcc/7.1.0/gcc-7.1.0-install/bin/gcc-7.1     -v -rdynamic CMakeFiles/cmTC_da3e1.dir/CMakeCCompilerABI.c.o  -o cmTC_da3e1 
Using built-in specs.
COLLECT_GCC=/soft/users/neutrino/gcc/7.1.0/gcc-7.1.0-install/bin/gcc-7.1
COLLECT_LTO_WRAPPER=/soft/users/neutrino/gcc/7.1.0/gcc-7.1.0-install/libexec/gcc/x86_64-pc-linux-gnu/7.1.0/lto-wrapper
Target: x86_64-pc-linux-gnu
Configured with: ../gcc-7.1.0/configure -v --prefix=/soft/users/neutrino/gcc/7.1.0/gcc-7.1.0-install --enable-languages=c,c++,fortran --program-suffix=-7.1
Thread model: posix
gcc version 7.1.0 (GCC) 
COMPILER_PATH=/soft/users/neutrino/gcc/7.1.0/gcc-7.1.0-install/libexec/gcc/x86_64-pc-linux-gnu/7.1.0/:/soft/users/neutrino/gcc/7.1.0/gcc-7.1.0-install/libexec/gcc/x86_64-pc-linux-gnu/7.1.0/:/soft/users/neutrino/gcc/7.1.0/gcc-7.1.0-install/libexec/gcc/x86_64-pc-linux-gnu/:/soft/users/neutrino/gcc/7.1.0/gcc-7.1.0-install/lib/gcc/x86_64-pc-linux-gnu/7.1.0/:/soft/users/neutrino/gcc/7.1.0/gcc-7.1.0-install/lib/gcc/x86_64-pc-linux-gnu/
LIBRARY_PATH=/soft/users/neutrino/gcc/7.1.0/gcc-7.1.0-install/lib/gcc/x86_64-pc-linux-gnu/7.1.0/:/soft/users/neutrino/gcc/7.1.0/gcc-7.1.0-install/lib/gcc/x86_64-pc-linux-gnu/7.1.0/../../../../lib64/:/lib/../lib64/:/usr/lib/../lib64/:/soft/users/neutrino/gcc/7.1.0/gcc-7.1.0-install/lib/gcc/x86_64-pc-linux-gnu/7.1.0/../../../:/lib/:/usr/lib/
COLLECT_GCC_OPTIONS='-v' '-rdynamic' '-o' 'cmTC_da3e1' '-mtune=generic' '-march=x86-64'
 /soft/users/neutrino/gcc/7.1.0/gcc-7.1.0-install/libexec/gcc/x86_64-pc-linux-gnu/7.1.0/collect2 --eh-frame-hdr -m elf_x86_64 -export-dynamic -dynamic-linker /lib64/ld-linux-x86-64.so.2 -o cmTC_da3e1 /lib/../lib64/crt1.o /lib/../lib64/crti.o /soft/users/neutrino/gcc/7.1.0/gcc-7.1.0-install/lib/gcc/x86_64-pc-linux-gnu/7.1.0/crtbegin.o -L/soft/users/neutrino/gcc/7.1.0/gcc-7.1.0-install/lib/gcc/x86_64-pc-linux-gnu/7.1.0 -L/soft/users/neutrino/gcc/7.1.0/gcc-7.1.0-install/lib/gcc/x86_64-pc-linux-gnu/7.1.0/../../../../lib64 -L/lib/../lib64 -L/usr/lib/../lib64 -L/soft/users/neutrino/gcc/7.1.0/gcc-7.1.0-install/lib/gcc/x86_64-pc-linux-gnu/7.1.0/../../.. CMakeFiles/cmTC_da3e1.dir/CMakeCCompilerABI.c.o -lgcc --as-needed -lgcc_s --no-as-needed -lc -lgcc --as-needed -lgcc_s --no-as-needed /soft/users/neutrino/gcc/7.1.0/gcc-7.1.0-install/lib/gcc/x86_64-pc-linux-gnu/7.1.0/crtend.o /lib/../lib64/crtn.o
COLLECT_GCC_OPTIONS='-v' '-rdynamic' '-o' 'cmTC_da3e1' '-mtune=generic' '-march=x86-64'
gmake[1]: Leaving directory `/home/xiankehe/Demonstration/worker_A/Tutorial7/build/CMakeFiles/CMakeTmp'



Parsed C implicit include dir info from above output: rv=done
  found start of include info
  found start of implicit include info
    add: [/soft/users/neutrino/gcc/7.1.0/gcc-7.1.0-install/lib/gcc/x86_64-pc-linux-gnu/7.1.0/include]
    add: [/usr/local/include]
    add: [/soft/users/neutrino/gcc/7.1.0/gcc-7.1.0-install/include]
    add: [/soft/users/neutrino/gcc/7.1.0/gcc-7.1.0-install/lib/gcc/x86_64-pc-linux-gnu/7.1.0/include-fixed]
    add: [/usr/include]
  end of search list found
  collapse include dir [/soft/users/neutrino/gcc/7.1.0/gcc-7.1.0-install/lib/gcc/x86_64-pc-linux-gnu/7.1.0/include] ==> [/soft/users/neutrino/gcc/7.1.0/gcc-7.1.0-install/lib/gcc/x86_64-pc-linux-gnu/7.1.0/include]
  collapse include dir [/usr/local/include] ==> [/usr/local/include]
  collapse include dir [/soft/users/neutrino/gcc/7.1.0/gcc-7.1.0-install/include] ==> [/soft/users/neutrino/gcc/7.1.0/gcc-7.1.0-install/include]
  collapse include dir [/soft/users/neutrino/gcc/7.1.0/gcc-7.1.0-install/lib/gcc/x86_64-pc-linux-gnu/7.1.0/include-fixed] ==> [/soft/users/neutrino/gcc/7.1.0/gcc-7.1.0-install/lib/gcc/x86_64-pc-linux-gnu/7.1.0/include-fixed]
  collapse include dir [/usr/include] ==> [/usr/include]
  implicit include dirs: [/soft/users/neutrino/gcc/7.1.0/gcc-7.1.0-install/lib/gcc/x86_64-pc-linux-gnu/7.1.0/include;/usr/local/include;/soft/users/neutrino/gcc/7.1.0/gcc-7.1.0-install/include;/soft/users/neutrino/gcc/7.1.0/gcc-7.1.0-install/lib/gcc/x86_64-pc-linux-gnu/7.1.0/include-fixed;/usr/include]


Parsed C implicit link information from above output:
  link line regex: [^( *|.*[/\])(ld|CMAKE_LINK_STARTFILE-NOTFOUND|([^/\]+-)?ld|collect2)[^/\]*( |$)]
  ignore line: [Change Dir: /home/xiankehe/Demonstration/worker_A/Tutorial7/build/CMakeFiles/CMakeTmp]
  ignore line: []
  ignore line: [Run Build Command(s):/usr/bin/gmake cmTC_da3e1/fast && /usr/bin/gmake -f CMakeFiles/cmTC_da3e1.dir/build.make CMakeFiles/cmTC_da3e1.dir/build]
  ignore line: [gmake[1]: Entering directory `/home/xiankehe/Demonstration/worker_A/Tutorial7/build/CMakeFiles/CMakeTmp']
  ignore line: [Building C object CMakeFiles/cmTC_da3e1.dir/CMakeCCompilerABI.c.o]
  ignore line: [/soft/users/neutrino/gcc/7.1.0/gcc-7.1.0-install/bin/gcc-7.1   -v -o CMakeFiles/cmTC_da3e1.dir/CMakeCCompilerABI.c.o   -c /opt_remote/cmake/3.16.0/share/cmake-3.16/Modules/CMakeCCompilerABI.c]
  ignore line: [Using built-in specs.]
  ignore line: [COLLECT_GCC=/soft/users/neutrino/gcc/7.1.0/gcc-7.1.0-install/bin/gcc-7.1]
  ignore line: [Target: x86_64-pc-linux-gnu]
  ignore line: [Configured with: ../gcc-7.1.0/configure -v --prefix=/soft/users/neutrino/gcc/7.1.0/gcc-7.1.0-install --enable-languages=c c++ fortran --program-suffix=-7.1]
  ignore line: [Thread model: posix]
  ignore line: [gcc version 7.1.0 (GCC) ]
  ignore line: [COLLECT_GCC_OPTIONS='-v' '-o' 'CMakeFiles/cmTC_da3e1.dir/CMakeCCompilerABI.c.o' '-c' '-mtune=generic' '-march=x86-64']
  ignore line: [ /soft/users/neutrino/gcc/7.1.0/gcc-7.1.0-install/libexec/gcc/x86_64-pc-linux-gnu/7.1.0/cc1 -quiet -v /opt_remote/cmake/3.16.0/share/cmake-3.16/Modules/CMakeCCompilerABI.c -quiet -dumpbase CMakeCCompilerABI.c -mtune=generic -march=x86-64 -auxbase-strip CMakeFiles/cmTC_da3e1.dir/CMakeCCompilerABI.c.o -version -o /tmp/xiankehe/ccgrpfHV.s]
  ignore line: [GNU C11 (GCC) version 7.1.0 (x86_64-pc-linux-gnu)]
  ignore line: [	compiled by GNU C version 7.1.0  GMP version 6.1.0  MPFR version 3.1.4  MPC version 1.0.3  isl version isl-0.16.1-GMP]
  ignore line: []
  ignore line: [GGC heuristics: --param ggc-min-expand=100 --param ggc-min-heapsize=131072]
  ignore line: [ignoring nonexistent directory "/soft/users/neutrino/gcc/7.1.0/gcc-7.1.0-install/lib/gcc/x86_64-pc-linux-gnu/7.1.0/../../../../x86_64-pc-linux-gnu/include"]
  ignore line: [#include "..." search starts here:]
  ignore line: [#include <...> search starts here:]
  ignore line: [ /soft/users/neutrino/gcc/7.1.0/gcc-7.1.0-install/lib/gcc/x86_64-pc-linux-gnu/7.1.0/include]
  ignore line: [ /usr/local/include]
  ignore line: [ /soft/users/neutrino/gcc/7.1.0/gcc-7.1.0-install/include]
  ignore line: [ /soft/users/neutrino/gcc/7.1.0/gcc-7.1.0-install/lib/gcc/x86_64-pc-linux-gnu/7.1.0/include-fixed]
  ignore line: [ /usr/include]
  ignore line: [End of search list.]
  ignore line: [GNU C11 (GCC) version 7.1.0 (x86_64-pc-linux-gnu)]
  ignore line: [	compiled by GNU C version 7.1.0  GMP version 6.1.0  MPFR version 3.1.4  MPC version 1.0.3  isl version isl-0.16.1-GMP]
  ignore line: []
  ignore line: [GGC heuristics: --param ggc-min-expand=100 --param ggc-min-heapsize=131072]
  ignore line: [Compiler executable checksum: d841f7e46af33c7f0dc3cc5e85de90df]
  ignore line: [COLLECT_GCC_OPTIONS='-v' '-o' 'CMakeFiles/cmTC_da3e1.dir/CMakeCCompilerABI.c.o' '-c' '-mtune=generic' '-march=x86-64']
  ignore line: [ as -v --64 -o CMakeFiles/cmTC_da3e1.dir/CMakeCCompilerABI.c.o /tmp/xiankehe/ccgrpfHV.s]
  ignore line: [GNU assembler version 2.27 (x86_64-redhat-linux) using BFD version version 2.27-44.base.el7_9.1]
  ignore line: [COMPILER_PATH=/soft/users/neutrino/gcc/7.1.0/gcc-7.1.0-install/libexec/gcc/x86_64-pc-linux-gnu/7.1.0/:/soft/users/neutrino/gcc/7.1.0/gcc-7.1.0-install/libexec/gcc/x86_64-pc-linux-gnu/7.1.0/:/soft/users/neutrino/gcc/7.1.0/gcc-7.1.0-install/libexec/gcc/x86_64-pc-linux-gnu/:/soft/users/neutrino/gcc/7.1.0/gcc-7.1.0-install/lib/gcc/x86_64-pc-linux-gnu/7.1.0/:/soft/users/neutrino/gcc/7.1.0/gcc-7.1.0-install/lib/gcc/x86_64-pc-linux-gnu/]
  ignore line: [LIBRARY_PATH=/soft/users/neutrino/gcc/7.1.0/gcc-7.1.0-install/lib/gcc/x86_64-pc-linux-gnu/7.1.0/:/soft/users/neutrino/gcc/7.1.0/gcc-7.1.0-install/lib/gcc/x86_64-pc-linux-gnu/7.1.0/../../../../lib64/:/lib/../lib64/:/usr/lib/../lib64/:/soft/users/neutrino/gcc/7.1.0/gcc-7.1.0-install/lib/gcc/x86_64-pc-linux-gnu/7.1.0/../../../:/lib/:/usr/lib/]
  ignore line: [COLLECT_GCC_OPTIONS='-v' '-o' 'CMakeFiles/cmTC_da3e1.dir/CMakeCCompilerABI.c.o' '-c' '-mtune=generic' '-march=x86-64']
  ignore line: [Linking C executable cmTC_da3e1]
  ignore line: [/opt_remote/cmake/3.16.0/bin/cmake -E cmake_link_script CMakeFiles/cmTC_da3e1.dir/link.txt --verbose=1]
  ignore line: [/soft/users/neutrino/gcc/7.1.0/gcc-7.1.0-install/bin/gcc-7.1     -v -rdynamic CMakeFiles/cmTC_da3e1.dir/CMakeCCompilerABI.c.o  -o cmTC_da3e1 ]
  ignore line: [Using built-in specs.]
  ignore line: [COLLECT_GCC=/soft/users/neutrino/gcc/7.1.0/gcc-7.1.0-install/bin/gcc-7.1]
  ignore line: [COLLECT_LTO_WRAPPER=/soft/users/neutrino/gcc/7.1.0/gcc-7.1.0-install/libexec/gcc/x86_64-pc-linux-gnu/7.1.0/lto-wrapper]
  ignore line: [Target: x86_64-pc-linux-gnu]
  ignore line: [Configured with: ../gcc-7.1.0/configure -v --prefix=/soft/users/neutrino/gcc/7.1.0/gcc-7.1.0-install --enable-languages=c c++ fortran --program-suffix=-7.1]
  ignore line: [Thread model: posix]
  ignore line: [gcc version 7.1.0 (GCC) ]
  ignore line: [COMPILER_PATH=/soft/users/neutrino/gcc/7.1.0/gcc-7.1.0-install/libexec/gcc/x86_64-pc-linux-gnu/7.1.0/:/soft/users/neutrino/gcc/7.1.0/gcc-7.1.0-install/libexec/gcc/x86_64-pc-linux-gnu/7.1.0/:/soft/users/neutrino/gcc/7.1.0/gcc-7.1.0-install/libexec/gcc/x86_64-pc-linux-gnu/:/soft/users/neutrino/gcc/7.1.0/gcc-7.1.0-install/lib/gcc/x86_64-pc-linux-gnu/7.1.0/:/soft/users/neutrino/gcc/7.1.0/gcc-7.1.0-install/lib/gcc/x86_64-pc-linux-gnu/]
  ignore line: [LIBRARY_PATH=/soft/users/neutrino/gcc/7.1.0/gcc-7.1.0-install/lib/gcc/x86_64-pc-linux-gnu/7.1.0/:/soft/users/neutrino/gcc/7.1.0/gcc-7.1.0-install/lib/gcc/x86_64-pc-linux-gnu/7.1.0/../../../../lib64/:/lib/../lib64/:/usr/lib/../lib64/:/soft/users/neutrino/gcc/7.1.0/gcc-7.1.0-install/lib/gcc/x86_64-pc-linux-gnu/7.1.0/../../../:/lib/:/usr/lib/]
  ignore line: [COLLECT_GCC_OPTIONS='-v' '-rdynamic' '-o' 'cmTC_da3e1' '-mtune=generic' '-march=x86-64']
  link line: [ /soft/users/neutrino/gcc/7.1.0/gcc-7.1.0-install/libexec/gcc/x86_64-pc-linux-gnu/7.1.0/collect2 --eh-frame-hdr -m elf_x86_64 -export-dynamic -dynamic-linker /lib64/ld-linux-x86-64.so.2 -o cmTC_da3e1 /lib/../lib64/crt1.o /lib/../lib64/crti.o /soft/users/neutrino/gcc/7.1.0/gcc-7.1.0-install/lib/gcc/x86_64-pc-linux-gnu/7.1.0/crtbegin.o -L/soft/users/neutrino/gcc/7.1.0/gcc-7.1.0-install/lib/gcc/x86_64-pc-linux-gnu/7.1.0 -L/soft/users/neutrino/gcc/7.1.0/gcc-7.1.0-install/lib/gcc/x86_64-pc-linux-gnu/7.1.0/../../../../lib64 -L/lib/../lib64 -L/usr/lib/../lib64 -L/soft/users/neutrino/gcc/7.1.0/gcc-7.1.0-install/lib/gcc/x86_64-pc-linux-gnu/7.1.0/../../.. CMakeFiles/cmTC_da3e1.dir/CMakeCCompilerABI.c.o -lgcc --as-needed -lgcc_s --no-as-needed -lc -lgcc --as-needed -lgcc_s --no-as-needed /soft/users/neutrino/gcc/7.1.0/gcc-7.1.0-install/lib/gcc/x86_64-pc-linux-gnu/7.1.0/crtend.o /lib/../lib64/crtn.o]
    arg [/soft/users/neutrino/gcc/7.1.0/gcc-7.1.0-install/libexec/gcc/x86_64-pc-linux-gnu/7.1.0/collect2] ==> ignore
    arg [--eh-frame-hdr] ==> ignore
    arg [-m] ==> ignore
    arg [elf_x86_64] ==> ignore
    arg [-export-dynamic] ==> ignore
    arg [-dynamic-linker] ==> ignore
    arg [/lib64/ld-linux-x86-64.so.2] ==> ignore
    arg [-o] ==> ignore
    arg [cmTC_da3e1] ==> ignore
    arg [/lib/../lib64/crt1.o] ==> ignore
    arg [/lib/../lib64/crti.o] ==> ignore
    arg [/soft/users/neutrino/gcc/7.1.0/gcc-7.1.0-install/lib/gcc/x86_64-pc-linux-gnu/7.1.0/crtbegin.o] ==> ignore
    arg [-L/soft/users/neutrino/gcc/7.1.0/gcc-7.1.0-install/lib/gcc/x86_64-pc-linux-gnu/7.1.0] ==> dir [/soft/users/neutrino/gcc/7.1.0/gcc-7.1.0-install/lib/gcc/x86_64-pc-linux-gnu/7.1.0]
    arg [-L/soft/users/neutrino/gcc/7.1.0/gcc-7.1.0-install/lib/gcc/x86_64-pc-linux-gnu/7.1.0/../../../../lib64] ==> dir [/soft/users/neutrino/gcc/7.1.0/gcc-7.1.0-install/lib/gcc/x86_64-pc-linux-gnu/7.1.0/../../../../lib64]
    arg [-L/lib/../lib64] ==> dir [/lib/../lib64]
    arg [-L/usr/lib/../lib64] ==> dir [/usr/lib/../lib64]
    arg [-L/soft/users/neutrino/gcc/7.1.0/gcc-7.1.0-install/lib/gcc/x86_64-pc-linux-gnu/7.1.0/../../..] ==> dir [/soft/users/neutrino/gcc/7.1.0/gcc-7.1.0-install/lib/gcc/x86_64-pc-linux-gnu/7.1.0/../../..]
    arg [CMakeFiles/cmTC_da3e1.dir/CMakeCCompilerABI.c.o] ==> ignore
    arg [-lgcc] ==> lib [gcc]
    arg [--as-needed] ==> ignore
    arg [-lgcc_s] ==> lib [gcc_s]
    arg [--no-as-needed] ==> ignore
    arg [-lc] ==> lib [c]
    arg [-lgcc] ==> lib [gcc]
    arg [--as-needed] ==> ignore
    arg [-lgcc_s] ==> lib [gcc_s]
    arg [--no-as-needed] ==> ignore
    arg [/soft/users/neutrino/gcc/7.1.0/gcc-7.1.0-install/lib/gcc/x86_64-pc-linux-gnu/7.1.0/crtend.o] ==> ignore
    arg [/lib/../lib64/crtn.o] ==> ignore
  collapse library dir [/soft/users/neutrino/gcc/7.1.0/gcc-7.1.0-install/lib/gcc/x86_64-pc-linux-gnu/7.1.0] ==> [/soft/users/neutrino/gcc/7.1.0/gcc-7.1.0-install/lib/gcc/x86_64-pc-linux-gnu/7.1.0]
  collapse library dir [/soft/users/neutrino/gcc/7.1.0/gcc-7.1.0-install/lib/gcc/x86_64-pc-linux-gnu/7.1.0/../../../../lib64] ==> [/soft/users/neutrino/gcc/7.1.0/gcc-7.1.0-install/lib64]
  collapse library dir [/lib/../lib64] ==> [/lib64]
  collapse library dir [/usr/lib/../lib64] ==> [/usr/lib64]
  collapse library dir [/soft/users/neutrino/gcc/7.1.0/gcc-7.1.0-install/lib/gcc/x86_64-pc-linux-gnu/7.1.0/../../..] ==> [/soft/users/neutrino/gcc/7.1.0/gcc-7.1.0-install/lib]
  implicit libs: [gcc;gcc_s;c;gcc;gcc_s]
  implicit dirs: [/soft/users/neutrino/gcc/7.1.0/gcc-7.1.0-install/lib/gcc/x86_64-pc-linux-gnu/7.1.0;/soft/users/neutrino/gcc/7.1.0/gcc-7.1.0-install/lib64;/lib64;/usr/lib64;/soft/users/neutrino/gcc/7.1.0/gcc-7.1.0-install/lib]
  implicit fwks: []


Determining if the CXX compiler works passed with the following output:
Change Dir: /home/xiankehe/Demonstration/worker_A/Tutorial7/build/CMakeFiles/CMakeTmp

Run Build Command(s):/usr/bin/gmake cmTC_ab706/fast && /usr/bin/gmake -f CMakeFiles/cmTC_ab706.dir/build.make CMakeFiles/cmTC_ab706.dir/build
gmake[1]: Entering directory `/home/xiankehe/Demonstration/worker_A/Tutorial7/build/CMakeFiles/CMakeTmp'
Building CXX object CMakeFiles/cmTC_ab706.dir/testCXXCompiler.cxx.o
/soft/users/neutrino/gcc/7.1.0/gcc-7.1.0-install/bin/g++-7.1     -o CMakeFiles/cmTC_ab706.dir/testCXXCompiler.cxx.o -c /home/xiankehe/Demonstration/worker_A/Tutorial7/build/CMakeFiles/CMakeTmp/testCXXCompiler.cxx
Linking CXX executable cmTC_ab706
/opt_remote/cmake/3.16.0/bin/cmake -E cmake_link_script CMakeFiles/cmTC_ab706.dir/link.txt --verbose=1
/soft/users/neutrino/gcc/7.1.0/gcc-7.1.0-install/bin/g++-7.1       -rdynamic CMakeFiles/cmTC_ab706.dir/testCXXCompiler.cxx.o  -o cmTC_ab706 
gmake[1]: Leaving directory `/home/xiankehe/Demonstration/worker_A/Tutorial7/build/CMakeFiles/CMakeTmp'



Detecting CXX compiler ABI info compiled with the following output:
Change Dir: /home/xiankehe/Demonstration/worker_A/Tutorial7/build/CMakeFiles/CMakeTmp

Run Build Command(s):/usr/bin/gmake cmTC_305ee/fast && /usr/bin/gmake -f CMakeFiles/cmTC_305ee.dir/build.make CMakeFiles/cmTC_305ee.dir/build
gmake[1]: Entering directory `/home/xiankehe/Demonstration/worker_A/Tutorial7/build/CMakeFiles/CMakeTmp'
Building CXX object CMakeFiles/cmTC_305ee.dir/CMakeCXXCompilerABI.cpp.o
/soft/users/neutrino/gcc/7.1.0/gcc-7.1.0-install/bin/g++-7.1    -v -o CMakeFiles/cmTC_305ee.dir/CMakeCXXCompilerABI.cpp.o -c /opt_remote/cmake/3.16.0/share/cmake-3.16/Modules/CMakeCXXCompilerABI.cpp
Using built-in specs.
COLLECT_GCC=/soft/users/neutrino/gcc/7.1.0/gcc-7.1.0-install/bin/g++-7.1
Target: x86_64-pc-linux-gnu
Configured with: ../gcc-7.1.0/configure -v --prefix=/soft/users/neutrino/gcc/7.1.0/gcc-7.1.0-install --enable-languages=c,c++,fortran --program-suffix=-7.1
Thread model: posix
gcc version 7.1.0 (GCC) 
COLLECT_GCC_OPTIONS='-v' '-o' 'CMakeFiles/cmTC_305ee.dir/CMakeCXXCompilerABI.cpp.o' '-c' '-shared-libgcc' '-mtune=generic' '-march=x86-64'
 /soft/users/neutrino/gcc/7.1.0/gcc-7.1.0-install/libexec/gcc/x86_64-pc-linux-gnu/7.1.0/cc1plus -quiet -v -D_GNU_SOURCE /opt_remote/cmake/3.16.0/share/cmake-3.16/Modules/CMakeCXXCompilerABI.cpp -quiet -dumpbase CMakeCXXCompilerABI.cpp -mtune=generic -march=x86-64 -auxbase-strip CMakeFiles/cmTC_305ee.dir/CMakeCXXCompilerABI.cpp.o -version -o /tmp/xiankehe/ccHkIUAv.s
GNU C++14 (GCC) version 7.1.0 (x86_64-pc-linux-gnu)
	compiled by GNU C version 7.1.0, GMP version 6.1.0, MPFR version 3.1.4, MPC version 1.0.3, isl version isl-0.16.1-GMP

GGC heuristics: --param ggc-min-expand=100 --param ggc-min-heapsize=131072
ignoring nonexistent directory "/soft/users/neutrino/gcc/7.1.0/gcc-7.1.0-install/lib/gcc/x86_64-pc-linux-gnu/7.1.0/../../../../x86_64-pc-linux-gnu/include"
#include "..." search starts here:
#include <...> search starts here:
 /soft/users/neutrino/gcc/7.1.0/gcc-7.1.0-install/lib/gcc/x86_64-pc-linux-gnu/7.1.0/../../../../include/c++/7.1.0
 /soft/users/neutrino/gcc/7.1.0/gcc-7.1.0-install/lib/gcc/x86_64-pc-linux-gnu/7.1.0/../../../../include/c++/7.1.0/x86_64-pc-linux-gnu
 /soft/users/neutrino/gcc/7.1.0/gcc-7.1.0-install/lib/gcc/x86_64-pc-linux-gnu/7.1.0/../../../../include/c++/7.1.0/backward
 /soft/users/neutrino/gcc/7.1.0/gcc-7.1.0-install/lib/gcc/x86_64-pc-linux-gnu/7.1.0/include
 /usr/local/include
 /soft/users/neutrino/gcc/7.1.0/gcc-7.1.0-install/include
 /soft/users/neutrino/gcc/7.1.0/gcc-7.1.0-install/lib/gcc/x86_64-pc-linux-gnu/7.1.0/include-fixed
 /usr/include
End of search list.
GNU C++14 (GCC) version 7.1.0 (x86_64-pc-linux-gnu)
	compiled by GNU C version 7.1.0, GMP version 6.1.0, MPFR version 3.1.4, MPC version 1.0.3, isl version isl-0.16.1-GMP

GGC heuristics: --param ggc-min-expand=100 --param ggc-min-heapsize=131072
Compiler executable checksum: cb2103cbd574f506610b303708c7015a
COLLECT_GCC_OPTIONS='-v' '-o' 'CMakeFiles/cmTC_305ee.dir/CMakeCXXCompilerABI.cpp.o' '-c' '-shared-libgcc' '-mtune=generic' '-march=x86-64'
 as -v --64 -o CMakeFiles/cmTC_305ee.dir/CMakeCXXCompilerABI.cpp.o /tmp/xiankehe/ccHkIUAv.s
GNU assembler version 2.27 (x86_64-redhat-linux) using BFD version version 2.27-44.base.el7_9.1
COMPILER_PATH=/soft/users/neutrino/gcc/7.1.0/gcc-7.1.0-install/libexec/gcc/x86_64-pc-linux-gnu/7.1.0/:/soft/users/neutrino/gcc/7.1.0/gcc-7.1.0-install/libexec/gcc/x86_64-pc-linux-gnu/7.1.0/:/soft/users/neutrino/gcc/7.1.0/gcc-7.1.0-install/libexec/gcc/x86_64-pc-linux-gnu/:/soft/users/neutrino/gcc/7.1.0/gcc-7.1.0-install/lib/gcc/x86_64-pc-linux-gnu/7.1.0/:/soft/users/neutrino/gcc/7.1.0/gcc-7.1.0-install/lib/gcc/x86_64-pc-linux-gnu/
LIBRARY_PATH=/soft/users/neutrino/gcc/7.1.0/gcc-7.1.0-install/lib/gcc/x86_64-pc-linux-gnu/7.1.0/:/soft/users/neutrino/gcc/7.1.0/gcc-7.1.0-install/lib/gcc/x86_64-pc-linux-gnu/7.1.0/../../../../lib64/:/lib/../lib64/:/usr/lib/../lib64/:/soft/users/neutrino/gcc/7.1.0/gcc-7.1.0-install/lib/gcc/x86_64-pc-linux-gnu/7.1.0/../../../:/lib/:/usr/lib/
COLLECT_GCC_OPTIONS='-v' '-o' 'CMakeFiles/cmTC_305ee.dir/CMakeCXXCompilerABI.cpp.o' '-c' '-shared-libgcc' '-mtune=generic' '-march=x86-64'
Linking CXX executable cmTC_305ee
/opt_remote/cmake/3.16.0/bin/cmake -E cmake_link_script CMakeFiles/cmTC_305ee.dir/link.txt --verbose=1
/soft/users/neutrino/gcc/7.1.0/gcc-7.1.0-install/bin/g++-7.1      -v -rdynamic CMakeFiles/cmTC_305ee.dir/CMakeCXXCompilerABI.cpp.o  -o cmTC_305ee 
Using built-in specs.
COLLECT_GCC=/soft/users/neutrino/gcc/7.1.0/gcc-7.1.0-install/bin/g++-7.1
COLLECT_LTO_WRAPPER=/soft/users/neutrino/gcc/7.1.0/gcc-7.1.0-install/libexec/gcc/x86_64-pc-linux-gnu/7.1.0/lto-wrapper
Target: x86_64-pc-linux-gnu
Configured with: ../gcc-7.1.0/configure -v --prefix=/soft/users/neutrino/gcc/7.1.0/gcc-7.1.0-install --enable-languages=c,c++,fortran --program-suffix=-7.1
Thread model: posix
gcc version 7.1.0 (GCC) 
COMPILER_PATH=/soft/users/neutrino/gcc/7.1.0/gcc-7.1.0-install/libexec/gcc/x86_64-pc-linux-gnu/7.1.0/:/soft/users/neutrino/gcc/7.1.0/gcc-7.1.0-install/libexec/gcc/x86_64-pc-linux-gnu/7.1.0/:/soft/users/neutrino/gcc/7.1.0/gcc-7.1.0-install/libexec/gcc/x86_64-pc-linux-gnu/:/soft/users/neutrino/gcc/7.1.0/gcc-7.1.0-install/lib/gcc/x86_64-pc-linux-gnu/7.1.0/:/soft/users/neutrino/gcc/7.1.0/gcc-7.1.0-install/lib/gcc/x86_64-pc-linux-gnu/
LIBRARY_PATH=/soft/users/neutrino/gcc/7.1.0/gcc-7.1.0-install/lib/gcc/x86_64-pc-linux-gnu/7.1.0/:/soft/users/neutrino/gcc/7.1.0/gcc-7.1.0-install/lib/gcc/x86_64-pc-linux-gnu/7.1.0/../../../../lib64/:/lib/../lib64/:/usr/lib/../lib64/:/soft/users/neutrino/gcc/7.1.0/gcc-7.1.0-install/lib/gcc/x86_64-pc-linux-gnu/7.1.0/../../../:/lib/:/usr/lib/
COLLECT_GCC_OPTIONS='-v' '-rdynamic' '-o' 'cmTC_305ee' '-shared-libgcc' '-mtune=generic' '-march=x86-64'
 /soft/users/neutrino/gcc/7.1.0/gcc-7.1.0-install/libexec/gcc/x86_64-pc-linux-gnu/7.1.0/collect2 --eh-frame-hdr -m elf_x86_64 -export-dynamic -dynamic-linker /lib64/ld-linux-x86-64.so.2 -o cmTC_305ee /lib/../lib64/crt1.o /lib/../lib64/crti.o /soft/users/neutrino/gcc/7.1.0/gcc-7.1.0-install/lib/gcc/x86_64-pc-linux-gnu/7.1.0/crtbegin.o -L/soft/users/neutrino/gcc/7.1.0/gcc-7.1.0-install/lib/gcc/x86_64-pc-linux-gnu/7.1.0 -L/soft/users/neutrino/gcc/7.1.0/gcc-7.1.0-install/lib/gcc/x86_64-pc-linux-gnu/7.1.0/../../../../lib64 -L/lib/../lib64 -L/usr/lib/../lib64 -L/soft/users/neutrino/gcc/7.1.0/gcc-7.1.0-install/lib/gcc/x86_64-pc-linux-gnu/7.1.0/../../.. CMakeFiles/cmTC_305ee.dir/CMakeCXXCompilerABI.cpp.o -lstdc++ -lm -lgcc_s -lgcc -lc -lgcc_s -lgcc /soft/users/neutrino/gcc/7.1.0/gcc-7.1.0-install/lib/gcc/x86_64-pc-linux-gnu/7.1.0/crtend.o /lib/../lib64/crtn.o
COLLECT_GCC_OPTIONS='-v' '-rdynamic' '-o' 'cmTC_305ee' '-shared-libgcc' '-mtune=generic' '-march=x86-64'
gmake[1]: Leaving directory `/home/xiankehe/Demonstration/worker_A/Tutorial7/build/CMakeFiles/CMakeTmp'



Parsed CXX implicit include dir info from above output: rv=done
  found start of include info
  found start of implicit include info
    add: [/soft/users/neutrino/gcc/7.1.0/gcc-7.1.0-install/lib/gcc/x86_64-pc-linux-gnu/7.1.0/../../../../include/c++/7.1.0]
    add: [/soft/users/neutrino/gcc/7.1.0/gcc-7.1.0-install/lib/gcc/x86_64-pc-linux-gnu/7.1.0/../../../../include/c++/7.1.0/x86_64-pc-linux-gnu]
    add: [/soft/users/neutrino/gcc/7.1.0/gcc-7.1.0-install/lib/gcc/x86_64-pc-linux-gnu/7.1.0/../../../../include/c++/7.1.0/backward]
    add: [/soft/users/neutrino/gcc/7.1.0/gcc-7.1.0-install/lib/gcc/x86_64-pc-linux-gnu/7.1.0/include]
    add: [/usr/local/include]
    add: [/soft/users/neutrino/gcc/7.1.0/gcc-7.1.0-install/include]
    add: [/soft/users/neutrino/gcc/7.1.0/gcc-7.1.0-install/lib/gcc/x86_64-pc-linux-gnu/7.1.0/include-fixed]
    add: [/usr/include]
  end of search list found
  collapse include dir [/soft/users/neutrino/gcc/7.1.0/gcc-7.1.0-install/lib/gcc/x86_64-pc-linux-gnu/7.1.0/../../../../include/c++/7.1.0] ==> [/soft/users/neutrino/gcc/7.1.0/gcc-7.1.0-install/include/c++/7.1.0]
  collapse include dir [/soft/users/neutrino/gcc/7.1.0/gcc-7.1.0-install/lib/gcc/x86_64-pc-linux-gnu/7.1.0/../../../../include/c++/7.1.0/x86_64-pc-linux-gnu] ==> [/soft/users/neutrino/gcc/7.1.0/gcc-7.1.0-install/include/c++/7.1.0/x86_64-pc-linux-gnu]
  collapse include dir [/soft/users/neutrino/gcc/7.1.0/gcc-7.1.0-install/lib/gcc/x86_64-pc-linux-gnu/7.1.0/../../../../include/c++/7.1.0/backward] ==> [/soft/users/neutrino/gcc/7.1.0/gcc-7.1.0-install/include/c++/7.1.0/backward]
  collapse include dir [/soft/users/neutrino/gcc/7.1.0/gcc-7.1.0-install/lib/gcc/x86_64-pc-linux-gnu/7.1.0/include] ==> [/soft/users/neutrino/gcc/7.1.0/gcc-7.1.0-install/lib/gcc/x86_64-pc-linux-gnu/7.1.0/include]
  collapse include dir [/usr/local/include] ==> [/usr/local/include]
  collapse include dir [/soft/users/neutrino/gcc/7.1.0/gcc-7.1.0-install/include] ==> [/soft/users/neutrino/gcc/7.1.0/gcc-7.1.0-install/include]
  collapse include dir [/soft/users/neutrino/gcc/7.1.0/gcc-7.1.0-install/lib/gcc/x86_64-pc-linux-gnu/7.1.0/include-fixed] ==> [/soft/users/neutrino/gcc/7.1.0/gcc-7.1.0-install/lib/gcc/x86_64-pc-linux-gnu/7.1.0/include-fixed]
  collapse include dir [/usr/include] ==> [/usr/include]
  implicit include dirs: [/soft/users/neutrino/gcc/7.1.0/gcc-7.1.0-install/include/c++/7.1.0;/soft/users/neutrino/gcc/7.1.0/gcc-7.1.0-install/include/c++/7.1.0/x86_64-pc-linux-gnu;/soft/users/neutrino/gcc/7.1.0/gcc-7.1.0-install/include/c++/7.1.0/backward;/soft/users/neutrino/gcc/7.1.0/gcc-7.1.0-install/lib/gcc/x86_64-pc-linux-gnu/7.1.0/include;/usr/local/include;/soft/users/neutrino/gcc/7.1.0/gcc-7.1.0-install/include;/soft/users/neutrino/gcc/7.1.0/gcc-7.1.0-install/lib/gcc/x86_64-pc-linux-gnu/7.1.0/include-fixed;/usr/include]


Parsed CXX implicit link information from above output:
  link line regex: [^( *|.*[/\])(ld|CMAKE_LINK_STARTFILE-NOTFOUND|([^/\]+-)?ld|collect2)[^/\]*( |$)]
  ignore line: [Change Dir: /home/xiankehe/Demonstration/worker_A/Tutorial7/build/CMakeFiles/CMakeTmp]
  ignore line: []
  ignore line: [Run Build Command(s):/usr/bin/gmake cmTC_305ee/fast && /usr/bin/gmake -f CMakeFiles/cmTC_305ee.dir/build.make CMakeFiles/cmTC_305ee.dir/build]
  ignore line: [gmake[1]: Entering directory `/home/xiankehe/Demonstration/worker_A/Tutorial7/build/CMakeFiles/CMakeTmp']
  ignore line: [Building CXX object CMakeFiles/cmTC_305ee.dir/CMakeCXXCompilerABI.cpp.o]
  ignore line: [/soft/users/neutrino/gcc/7.1.0/gcc-7.1.0-install/bin/g++-7.1    -v -o CMakeFiles/cmTC_305ee.dir/CMakeCXXCompilerABI.cpp.o -c /opt_remote/cmake/3.16.0/share/cmake-3.16/Modules/CMakeCXXCompilerABI.cpp]
  ignore line: [Using built-in specs.]
  ignore line: [COLLECT_GCC=/soft/users/neutrino/gcc/7.1.0/gcc-7.1.0-install/bin/g++-7.1]
  ignore line: [Target: x86_64-pc-linux-gnu]
  ignore line: [Configured with: ../gcc-7.1.0/configure -v --prefix=/soft/users/neutrino/gcc/7.1.0/gcc-7.1.0-install --enable-languages=c c++ fortran --program-suffix=-7.1]
  ignore line: [Thread model: posix]
  ignore line: [gcc version 7.1.0 (GCC) ]
  ignore line: [COLLECT_GCC_OPTIONS='-v' '-o' 'CMakeFiles/cmTC_305ee.dir/CMakeCXXCompilerABI.cpp.o' '-c' '-shared-libgcc' '-mtune=generic' '-march=x86-64']
  ignore line: [ /soft/users/neutrino/gcc/7.1.0/gcc-7.1.0-install/libexec/gcc/x86_64-pc-linux-gnu/7.1.0/cc1plus -quiet -v -D_GNU_SOURCE /opt_remote/cmake/3.16.0/share/cmake-3.16/Modules/CMakeCXXCompilerABI.cpp -quiet -dumpbase CMakeCXXCompilerABI.cpp -mtune=generic -march=x86-64 -auxbase-strip CMakeFiles/cmTC_305ee.dir/CMakeCXXCompilerABI.cpp.o -version -o /tmp/xiankehe/ccHkIUAv.s]
  ignore line: [GNU C++14 (GCC) version 7.1.0 (x86_64-pc-linux-gnu)]
  ignore line: [	compiled by GNU C version 7.1.0  GMP version 6.1.0  MPFR version 3.1.4  MPC version 1.0.3  isl version isl-0.16.1-GMP]
  ignore line: []
  ignore line: [GGC heuristics: --param ggc-min-expand=100 --param ggc-min-heapsize=131072]
  ignore line: [ignoring nonexistent directory "/soft/users/neutrino/gcc/7.1.0/gcc-7.1.0-install/lib/gcc/x86_64-pc-linux-gnu/7.1.0/../../../../x86_64-pc-linux-gnu/include"]
  ignore line: [#include "..." search starts here:]
  ignore line: [#include <...> search starts here:]
  ignore line: [ /soft/users/neutrino/gcc/7.1.0/gcc-7.1.0-install/lib/gcc/x86_64-pc-linux-gnu/7.1.0/../../../../include/c++/7.1.0]
  ignore line: [ /soft/users/neutrino/gcc/7.1.0/gcc-7.1.0-install/lib/gcc/x86_64-pc-linux-gnu/7.1.0/../../../../include/c++/7.1.0/x86_64-pc-linux-gnu]
  ignore line: [ /soft/users/neutrino/gcc/7.1.0/gcc-7.1.0-install/lib/gcc/x86_64-pc-linux-gnu/7.1.0/../../../../include/c++/7.1.0/backward]
  ignore line: [ /soft/users/neutrino/gcc/7.1.0/gcc-7.1.0-install/lib/gcc/x86_64-pc-linux-gnu/7.1.0/include]
  ignore line: [ /usr/local/include]
  ignore line: [ /soft/users/neutrino/gcc/7.1.0/gcc-7.1.0-install/include]
  ignore line: [ /soft/users/neutrino/gcc/7.1.0/gcc-7.1.0-install/lib/gcc/x86_64-pc-linux-gnu/7.1.0/include-fixed]
  ignore line: [ /usr/include]
  ignore line: [End of search list.]
  ignore line: [GNU C++14 (GCC) version 7.1.0 (x86_64-pc-linux-gnu)]
  ignore line: [	compiled by GNU C version 7.1.0  GMP version 6.1.0  MPFR version 3.1.4  MPC version 1.0.3  isl version isl-0.16.1-GMP]
  ignore line: []
  ignore line: [GGC heuristics: --param ggc-min-expand=100 --param ggc-min-heapsize=131072]
  ignore line: [Compiler executable checksum: cb2103cbd574f506610b303708c7015a]
  ignore line: [COLLECT_GCC_OPTIONS='-v' '-o' 'CMakeFiles/cmTC_305ee.dir/CMakeCXXCompilerABI.cpp.o' '-c' '-shared-libgcc' '-mtune=generic' '-march=x86-64']
  ignore line: [ as -v --64 -o CMakeFiles/cmTC_305ee.dir/CMakeCXXCompilerABI.cpp.o /tmp/xiankehe/ccHkIUAv.s]
  ignore line: [GNU assembler version 2.27 (x86_64-redhat-linux) using BFD version version 2.27-44.base.el7_9.1]
  ignore line: [COMPILER_PATH=/soft/users/neutrino/gcc/7.1.0/gcc-7.1.0-install/libexec/gcc/x86_64-pc-linux-gnu/7.1.0/:/soft/users/neutrino/gcc/7.1.0/gcc-7.1.0-install/libexec/gcc/x86_64-pc-linux-gnu/7.1.0/:/soft/users/neutrino/gcc/7.1.0/gcc-7.1.0-install/libexec/gcc/x86_64-pc-linux-gnu/:/soft/users/neutrino/gcc/7.1.0/gcc-7.1.0-install/lib/gcc/x86_64-pc-linux-gnu/7.1.0/:/soft/users/neutrino/gcc/7.1.0/gcc-7.1.0-install/lib/gcc/x86_64-pc-linux-gnu/]
  ignore line: [LIBRARY_PATH=/soft/users/neutrino/gcc/7.1.0/gcc-7.1.0-install/lib/gcc/x86_64-pc-linux-gnu/7.1.0/:/soft/users/neutrino/gcc/7.1.0/gcc-7.1.0-install/lib/gcc/x86_64-pc-linux-gnu/7.1.0/../../../../lib64/:/lib/../lib64/:/usr/lib/../lib64/:/soft/users/neutrino/gcc/7.1.0/gcc-7.1.0-install/lib/gcc/x86_64-pc-linux-gnu/7.1.0/../../../:/lib/:/usr/lib/]
  ignore line: [COLLECT_GCC_OPTIONS='-v' '-o' 'CMakeFiles/cmTC_305ee.dir/CMakeCXXCompilerABI.cpp.o' '-c' '-shared-libgcc' '-mtune=generic' '-march=x86-64']
  ignore line: [Linking CXX executable cmTC_305ee]
  ignore line: [/opt_remote/cmake/3.16.0/bin/cmake -E cmake_link_script CMakeFiles/cmTC_305ee.dir/link.txt --verbose=1]
  ignore line: [/soft/users/neutrino/gcc/7.1.0/gcc-7.1.0-install/bin/g++-7.1      -v -rdynamic CMakeFiles/cmTC_305ee.dir/CMakeCXXCompilerABI.cpp.o  -o cmTC_305ee ]
  ignore line: [Using built-in specs.]
  ignore line: [COLLECT_GCC=/soft/users/neutrino/gcc/7.1.0/gcc-7.1.0-install/bin/g++-7.1]
  ignore line: [COLLECT_LTO_WRAPPER=/soft/users/neutrino/gcc/7.1.0/gcc-7.1.0-install/libexec/gcc/x86_64-pc-linux-gnu/7.1.0/lto-wrapper]
  ignore line: [Target: x86_64-pc-linux-gnu]
  ignore line: [Configured with: ../gcc-7.1.0/configure -v --prefix=/soft/users/neutrino/gcc/7.1.0/gcc-7.1.0-install --enable-languages=c c++ fortran --program-suffix=-7.1]
  ignore line: [Thread model: posix]
  ignore line: [gcc version 7.1.0 (GCC) ]
  ignore line: [COMPILER_PATH=/soft/users/neutrino/gcc/7.1.0/gcc-7.1.0-install/libexec/gcc/x86_64-pc-linux-gnu/7.1.0/:/soft/users/neutrino/gcc/7.1.0/gcc-7.1.0-install/libexec/gcc/x86_64-pc-linux-gnu/7.1.0/:/soft/users/neutrino/gcc/7.1.0/gcc-7.1.0-install/libexec/gcc/x86_64-pc-linux-gnu/:/soft/users/neutrino/gcc/7.1.0/gcc-7.1.0-install/lib/gcc/x86_64-pc-linux-gnu/7.1.0/:/soft/users/neutrino/gcc/7.1.0/gcc-7.1.0-install/lib/gcc/x86_64-pc-linux-gnu/]
  ignore line: [LIBRARY_PATH=/soft/users/neutrino/gcc/7.1.0/gcc-7.1.0-install/lib/gcc/x86_64-pc-linux-gnu/7.1.0/:/soft/users/neutrino/gcc/7.1.0/gcc-7.1.0-install/lib/gcc/x86_64-pc-linux-gnu/7.1.0/../../../../lib64/:/lib/../lib64/:/usr/lib/../lib64/:/soft/users/neutrino/gcc/7.1.0/gcc-7.1.0-install/lib/gcc/x86_64-pc-linux-gnu/7.1.0/../../../:/lib/:/usr/lib/]
  ignore line: [COLLECT_GCC_OPTIONS='-v' '-rdynamic' '-o' 'cmTC_305ee' '-shared-libgcc' '-mtune=generic' '-march=x86-64']
  link line: [ /soft/users/neutrino/gcc/7.1.0/gcc-7.1.0-install/libexec/gcc/x86_64-pc-linux-gnu/7.1.0/collect2 --eh-frame-hdr -m elf_x86_64 -export-dynamic -dynamic-linker /lib64/ld-linux-x86-64.so.2 -o cmTC_305ee /lib/../lib64/crt1.o /lib/../lib64/crti.o /soft/users/neutrino/gcc/7.1.0/gcc-7.1.0-install/lib/gcc/x86_64-pc-linux-gnu/7.1.0/crtbegin.o -L/soft/users/neutrino/gcc/7.1.0/gcc-7.1.0-install/lib/gcc/x86_64-pc-linux-gnu/7.1.0 -L/soft/users/neutrino/gcc/7.1.0/gcc-7.1.0-install/lib/gcc/x86_64-pc-linux-gnu/7.1.0/../../../../lib64 -L/lib/../lib64 -L/usr/lib/../lib64 -L/soft/users/neutrino/gcc/7.1.0/gcc-7.1.0-install/lib/gcc/x86_64-pc-linux-gnu/7.1.0/../../.. CMakeFiles/cmTC_305ee.dir/CMakeCXXCompilerABI.cpp.o -lstdc++ -lm -lgcc_s -lgcc -lc -lgcc_s -lgcc /soft/users/neutrino/gcc/7.1.0/gcc-7.1.0-install/lib/gcc/x86_64-pc-linux-gnu/7.1.0/crtend.o /lib/../lib64/crtn.o]
    arg [/soft/users/neutrino/gcc/7.1.0/gcc-7.1.0-install/libexec/gcc/x86_64-pc-linux-gnu/7.1.0/collect2] ==> ignore
    arg [--eh-frame-hdr] ==> ignore
    arg [-m] ==> ignore
    arg [elf_x86_64] ==> ignore
    arg [-export-dynamic] ==> ignore
    arg [-dynamic-linker] ==> ignore
    arg [/lib64/ld-linux-x86-64.so.2] ==> ignore
    arg [-o] ==> ignore
    arg [cmTC_305ee] ==> ignore
    arg [/lib/../lib64/crt1.o] ==> ignore
    arg [/lib/../lib64/crti.o] ==> ignore
    arg [/soft/users/neutrino/gcc/7.1.0/gcc-7.1.0-install/lib/gcc/x86_64-pc-linux-gnu/7.1.0/crtbegin.o] ==> ignore
    arg [-L/soft/users/neutrino/gcc/7.1.0/gcc-7.1.0-install/lib/gcc/x86_64-pc-linux-gnu/7.1.0] ==> dir [/soft/users/neutrino/gcc/7.1.0/gcc-7.1.0-install/lib/gcc/x86_64-pc-linux-gnu/7.1.0]
    arg [-L/soft/users/neutrino/gcc/7.1.0/gcc-7.1.0-install/lib/gcc/x86_64-pc-linux-gnu/7.1.0/../../../../lib64] ==> dir [/soft/users/neutrino/gcc/7.1.0/gcc-7.1.0-install/lib/gcc/x86_64-pc-linux-gnu/7.1.0/../../../../lib64]
    arg [-L/lib/../lib64] ==> dir [/lib/../lib64]
    arg [-L/usr/lib/../lib64] ==> dir [/usr/lib/../lib64]
    arg [-L/soft/users/neutrino/gcc/7.1.0/gcc-7.1.0-install/lib/gcc/x86_64-pc-linux-gnu/7.1.0/../../..] ==> dir [/soft/users/neutrino/gcc/7.1.0/gcc-7.1.0-install/lib/gcc/x86_64-pc-linux-gnu/7.1.0/../../..]
    arg [CMakeFiles/cmTC_305ee.dir/CMakeCXXCompilerABI.cpp.o] ==> ignore
    arg [-lstdc++] ==> lib [stdc++]
    arg [-lm] ==> lib [m]
    arg [-lgcc_s] ==> lib [gcc_s]
    arg [-lgcc] ==> lib [gcc]
    arg [-lc] ==> lib [c]
    arg [-lgcc_s] ==> lib [gcc_s]
    arg [-lgcc] ==> lib [gcc]
    arg [/soft/users/neutrino/gcc/7.1.0/gcc-7.1.0-install/lib/gcc/x86_64-pc-linux-gnu/7.1.0/crtend.o] ==> ignore
    arg [/lib/../lib64/crtn.o] ==> ignore
  collapse library dir [/soft/users/neutrino/gcc/7.1.0/gcc-7.1.0-install/lib/gcc/x86_64-pc-linux-gnu/7.1.0] ==> [/soft/users/neutrino/gcc/7.1.0/gcc-7.1.0-install/lib/gcc/x86_64-pc-linux-gnu/7.1.0]
  collapse library dir [/soft/users/neutrino/gcc/7.1.0/gcc-7.1.0-install/lib/gcc/x86_64-pc-linux-gnu/7.1.0/../../../../lib64] ==> [/soft/users/neutrino/gcc/7.1.0/gcc-7.1.0-install/lib64]
  collapse library dir [/lib/../lib64] ==> [/lib64]
  collapse library dir [/usr/lib/../lib64] ==> [/usr/lib64]
  collapse library dir [/soft/users/neutrino/gcc/7.1.0/gcc-7.1.0-install/lib/gcc/x86_64-pc-linux-gnu/7.1.0/../../..] ==> [/soft/users/neutrino/gcc/7.1.0/gcc-7.1.0-install/lib]
  implicit libs: [stdc++;m;gcc_s;gcc;c;gcc_s;gcc]
  implicit dirs: [/soft/users/neutrino/gcc/7.1.0/gcc-7.1.0-install/lib/gcc/x86_64-pc-linux-gnu/7.1.0;/soft/users/neutrino/gcc/7.1.0/gcc-7.1.0-install/lib64;/lib64;/usr/lib64;/soft/users/neutrino/gcc/7.1.0/gcc-7.1.0-install/lib]
  implicit fwks: []


